
2019-07-13 11:24:52...installerHook: Info: custom/install/install_hooks.php not present, no custom hooks to execute
2019-07-13 11:25:04...installerHook: Info: custom/install/install_hooks.php not present, no custom hooks to execute
2019-07-13 11:25:04...calling handleSugarConfig()
2019-07-13 11:25:04...calling handleHtaccess()
2019-07-13 11:25:04...calling handleDbCreateDatabase()
2019-07-13 11:25:06...looping through all the Beans and create their tables
2019-07-13 11:25:06...processing table acl_actions
2019-07-13 11:25:06...creating table acl_actions
2019-07-13 11:25:06...creating Relationship Meta for ACLAction
2019-07-13 11:25:06...processing table acl_roles
2019-07-13 11:25:06...creating table acl_roles
2019-07-13 11:25:06...creating Relationship Meta for ACLRole
2019-07-13 11:25:06...processing table relationships
2019-07-13 11:25:06...creating table relationships
2019-07-13 11:25:06...creating Relationship Meta for Relationship
2019-07-13 11:25:06...processing table leads
2019-07-13 11:25:06...creating table leads
2019-07-13 11:25:06...creating Relationship Meta for Lead
2019-07-13 11:25:06...processing table cases
2019-07-13 11:25:06...creating table cases
2019-07-13 11:25:06...creating Relationship Meta for Case
2019-07-13 11:25:06...processing table bugs
2019-07-13 11:25:06...creating table bugs
2019-07-13 11:25:06...creating Relationship Meta for Bug
2019-07-13 11:25:06...processing table users
2019-07-13 11:25:07...creating table users
2019-07-13 11:25:07...creating Relationship Meta for User
2019-07-13 11:25:07...processing table campaign_log
2019-07-13 11:25:07...creating table campaign_log
2019-07-13 11:25:07...creating Relationship Meta for CampaignLog
2019-07-13 11:25:07...processing table project
2019-07-13 11:25:07...creating table project
2019-07-13 11:25:07...creating Relationship Meta for Project
2019-07-13 11:25:07...processing table project_task
2019-07-13 11:25:07...creating table project_task
2019-07-13 11:25:07...creating Relationship Meta for ProjectTask
2019-07-13 11:25:07...processing table campaigns
2019-07-13 11:25:07...creating table campaigns
2019-07-13 11:25:07...creating Relationship Meta for Campaign
2019-07-13 11:25:07...processing table prospect_lists
2019-07-13 11:25:08...creating table prospect_lists
2019-07-13 11:25:08...creating Relationship Meta for ProspectList
2019-07-13 11:25:08...processing table prospects
2019-07-13 11:25:08...creating table prospects
2019-07-13 11:25:08...creating Relationship Meta for Prospect
2019-07-13 11:25:08...processing table email_marketing
2019-07-13 11:25:08...creating table email_marketing
2019-07-13 11:25:08...creating Relationship Meta for EmailMarketing
2019-07-13 11:25:08...processing table campaign_trkrs
2019-07-13 11:25:08...creating table campaign_trkrs
2019-07-13 11:25:08...creating Relationship Meta for CampaignTracker
2019-07-13 11:25:08...processing table releases
2019-07-13 11:25:08...creating table releases
2019-07-13 11:25:08...creating Relationship Meta for Release
2019-07-13 11:25:08...processing table emailman
2019-07-13 11:25:08...creating table emailman
2019-07-13 11:25:08...creating Relationship Meta for EmailMan
2019-07-13 11:25:08...processing table schedulers
2019-07-13 11:25:08...creating table schedulers
2019-07-13 11:25:08...creating Relationship Meta for Scheduler
2019-07-13 11:25:08...processing table job_queue
2019-07-13 11:25:08...creating table job_queue
2019-07-13 11:25:08...creating Relationship Meta for SchedulersJob
2019-07-13 11:25:08...processing table contacts
2019-07-13 11:25:08...creating table contacts
2019-07-13 11:25:08...creating Relationship Meta for Contact
2019-07-13 11:25:08...processing table accounts
2019-07-13 11:25:08...creating table accounts
2019-07-13 11:25:08...creating Relationship Meta for Account
2019-07-13 11:25:08...processing table opportunities
2019-07-13 11:25:08...creating table opportunities
2019-07-13 11:25:08...creating Relationship Meta for Opportunity
2019-07-13 11:25:08...processing table email_templates
2019-07-13 11:25:08...creating table email_templates
2019-07-13 11:25:08...creating Relationship Meta for EmailTemplate
2019-07-13 11:25:08...processing table notes
2019-07-13 11:25:08...creating table notes
2019-07-13 11:25:08...creating Relationship Meta for Note
2019-07-13 11:25:08...processing table calls
2019-07-13 11:25:08...creating table calls
2019-07-13 11:25:08...creating Relationship Meta for Call
2019-07-13 11:25:08...processing table emails
2019-07-13 11:25:08...creating table emails
2019-07-13 11:25:08...creating Relationship Meta for Email
2019-07-13 11:25:08...processing table meetings
2019-07-13 11:25:09...creating table meetings
2019-07-13 11:25:09...creating Relationship Meta for Meeting
2019-07-13 11:25:09...processing table tasks
2019-07-13 11:25:09...creating table tasks
2019-07-13 11:25:09...creating Relationship Meta for Task
2019-07-13 11:25:09...processing table users
2019-07-13 11:25:09...processing table users
2019-07-13 11:25:09...processing table currencies
2019-07-13 11:25:09...creating table currencies
2019-07-13 11:25:09...creating Relationship Meta for Currency
2019-07-13 11:25:09...processing table tracker
2019-07-13 11:25:09...creating table tracker
2019-07-13 11:25:09...creating Relationship Meta for Tracker
2019-07-13 11:25:09...processing table import_maps
2019-07-13 11:25:09...creating table import_maps
2019-07-13 11:25:09...creating Relationship Meta for ImportMap
2019-07-13 11:25:09...processing table users_last_import
2019-07-13 11:25:09...creating table users_last_import
2019-07-13 11:25:09...creating Relationship Meta for UsersLastImport
2019-07-13 11:25:09...processing table config
2019-07-13 11:25:09...creating table config
2019-07-13 11:25:09...creating Relationship Meta for Administration
2019-07-13 11:25:09...processing table upgrade_history
2019-07-13 11:25:09...creating table upgrade_history
2019-07-13 11:25:09...creating Relationship Meta for UpgradeHistory
2019-07-13 11:25:09...processing table vcals
2019-07-13 11:25:09...creating table vcals
2019-07-13 11:25:09...creating Relationship Meta for vCal
2019-07-13 11:25:09...processing table alerts
2019-07-13 11:25:09...creating table alerts
2019-07-13 11:25:09...creating Relationship Meta for Alert
2019-07-13 11:25:09...processing table roles
2019-07-13 11:25:09...creating table roles
2019-07-13 11:25:09...creating Relationship Meta for Role
2019-07-13 11:25:09...processing table documents
2019-07-13 11:25:09...creating table documents
2019-07-13 11:25:09...creating Relationship Meta for Document
2019-07-13 11:25:09...processing table document_revisions
2019-07-13 11:25:09...creating table document_revisions
2019-07-13 11:25:09...creating Relationship Meta for DocumentRevision
2019-07-13 11:25:09...processing table fields_meta_data
2019-07-13 11:25:09...creating table fields_meta_data
2019-07-13 11:25:09...creating Relationship Meta for FieldsMetaData
2019-07-13 11:25:09...processing table inbound_email
2019-07-13 11:25:09...creating table inbound_email
2019-07-13 11:25:09...creating Relationship Meta for InboundEmail
2019-07-13 11:25:09...processing table saved_search
2019-07-13 11:25:09...creating table saved_search
2019-07-13 11:25:09...creating Relationship Meta for SavedSearch
2019-07-13 11:25:09...processing table user_preferences
2019-07-13 11:25:09...creating table user_preferences
2019-07-13 11:25:09...creating Relationship Meta for UserPreference
2019-07-13 11:25:09...processing table 
2019-07-13 11:25:09...processing table email_addresses
2019-07-13 11:25:09...creating table email_addresses
2019-07-13 11:25:09...creating Relationship Meta for EmailAddress
2019-07-13 11:25:09...processing table emails_text
2019-07-13 11:25:09...creating table emails_text
2019-07-13 11:25:09...creating Relationship Meta for EmailText
2019-07-13 11:25:09...processing table spots
2019-07-13 11:25:09...creating table spots
2019-07-13 11:25:09...creating Relationship Meta for Spots
2019-07-13 11:25:09...processing table aobh_businesshours
2019-07-13 11:25:09...creating table aobh_businesshours
2019-07-13 11:25:09...creating Relationship Meta for AOBH_BusinessHours
2019-07-13 11:25:09...processing table sugarfeed
2019-07-13 11:25:09...creating table sugarfeed
2019-07-13 11:25:09...creating Relationship Meta for SugarFeed
2019-07-13 11:25:09...processing table eapm
2019-07-13 11:25:09...creating table eapm
2019-07-13 11:25:09...creating Relationship Meta for EAPM
2019-07-13 11:25:09...processing table oauth_consumer
2019-07-13 11:25:09...creating table oauth_consumer
2019-07-13 11:25:09...creating Relationship Meta for OAuthKey
2019-07-13 11:25:09...processing table oauth_tokens
2019-07-13 11:25:09...creating table oauth_tokens
2019-07-13 11:25:09...creating Relationship Meta for OAuthToken
2019-07-13 11:25:09...processing table am_projecttemplates
2019-07-13 11:25:09...creating table am_projecttemplates
2019-07-13 11:25:09...creating Relationship Meta for AM_ProjectTemplates
2019-07-13 11:25:09...processing table am_tasktemplates
2019-07-13 11:25:09...creating table am_tasktemplates
2019-07-13 11:25:09...creating Relationship Meta for AM_TaskTemplates
2019-07-13 11:25:09...processing table favorites
2019-07-13 11:25:09...creating table favorites
2019-07-13 11:25:09...creating Relationship Meta for Favorites
2019-07-13 11:25:09...processing table aok_knowledge_base_categories
2019-07-13 11:25:10...creating table aok_knowledge_base_categories
2019-07-13 11:25:10...creating Relationship Meta for AOK_Knowledge_Base_Categories
2019-07-13 11:25:10...processing table aok_knowledgebase
2019-07-13 11:25:10...creating table aok_knowledgebase
2019-07-13 11:25:10...creating Relationship Meta for AOK_KnowledgeBase
2019-07-13 11:25:10...processing table reminders
2019-07-13 11:25:10...creating table reminders
2019-07-13 11:25:10...creating Relationship Meta for Reminder
2019-07-13 11:25:10...processing table reminders_invitees
2019-07-13 11:25:10...creating table reminders_invitees
2019-07-13 11:25:10...creating Relationship Meta for Reminder_Invitee
2019-07-13 11:25:10...processing table fp_events
2019-07-13 11:25:10...creating table fp_events
2019-07-13 11:25:10...creating Relationship Meta for FP_events
2019-07-13 11:25:10...processing table fp_event_locations
2019-07-13 11:25:10...creating table fp_event_locations
2019-07-13 11:25:10...creating Relationship Meta for FP_Event_Locations
2019-07-13 11:25:10...processing table aod_indexevent
2019-07-13 11:25:10...creating table aod_indexevent
2019-07-13 11:25:10...creating Relationship Meta for AOD_IndexEvent
2019-07-13 11:25:10...processing table aod_index
2019-07-13 11:25:10...creating table aod_index
2019-07-13 11:25:10...creating Relationship Meta for AOD_Index
2019-07-13 11:25:10...processing table aop_case_events
2019-07-13 11:25:10...creating table aop_case_events
2019-07-13 11:25:10...creating Relationship Meta for AOP_Case_Events
2019-07-13 11:25:10...processing table aop_case_updates
2019-07-13 11:25:10...creating table aop_case_updates
2019-07-13 11:25:10...creating Relationship Meta for AOP_Case_Updates
2019-07-13 11:25:10...processing table aor_reports
2019-07-13 11:25:10...creating table aor_reports
2019-07-13 11:25:10...creating Relationship Meta for AOR_Report
2019-07-13 11:25:10...processing table aor_fields
2019-07-13 11:25:10...creating table aor_fields
2019-07-13 11:25:10...creating Relationship Meta for AOR_Field
2019-07-13 11:25:10...processing table aor_charts
2019-07-13 11:25:10...creating table aor_charts
2019-07-13 11:25:10...creating Relationship Meta for AOR_Chart
2019-07-13 11:25:10...processing table aor_conditions
2019-07-13 11:25:10...creating table aor_conditions
2019-07-13 11:25:10...creating Relationship Meta for AOR_Condition
2019-07-13 11:25:10...processing table aor_scheduled_reports
2019-07-13 11:25:11...creating table aor_scheduled_reports
2019-07-13 11:25:11...creating Relationship Meta for AOR_Scheduled_Reports
2019-07-13 11:25:11...processing table aos_contracts
2019-07-13 11:25:11...creating table aos_contracts
2019-07-13 11:25:11...creating Relationship Meta for AOS_Contracts
2019-07-13 11:25:11...processing table aos_invoices
2019-07-13 11:25:11...creating table aos_invoices
2019-07-13 11:25:11...creating Relationship Meta for AOS_Invoices
2019-07-13 11:25:11...processing table aos_pdf_templates
2019-07-13 11:25:11...creating table aos_pdf_templates
2019-07-13 11:25:11...creating Relationship Meta for AOS_PDF_Templates
2019-07-13 11:25:11...processing table aos_product_categories
2019-07-13 11:25:11...creating table aos_product_categories
2019-07-13 11:25:11...creating Relationship Meta for AOS_Product_Categories
2019-07-13 11:25:11...processing table aos_products
2019-07-13 11:25:11...creating table aos_products
2019-07-13 11:25:11...creating Relationship Meta for AOS_Products
2019-07-13 11:25:11...processing table aos_products_quotes
2019-07-13 11:25:11...creating table aos_products_quotes
2019-07-13 11:25:11...creating Relationship Meta for AOS_Products_Quotes
2019-07-13 11:25:11...processing table aos_line_item_groups
2019-07-13 11:25:11...creating table aos_line_item_groups
2019-07-13 11:25:11...creating Relationship Meta for AOS_Line_Item_Groups
2019-07-13 11:25:11...processing table aos_quotes
2019-07-13 11:25:11...creating table aos_quotes
2019-07-13 11:25:11...creating Relationship Meta for AOS_Quotes
2019-07-13 11:25:11...processing table aow_actions
2019-07-13 11:25:11...creating table aow_actions
2019-07-13 11:25:11...creating Relationship Meta for AOW_Action
2019-07-13 11:25:11...processing table aow_workflow
2019-07-13 11:25:11...creating table aow_workflow
2019-07-13 11:25:11...creating Relationship Meta for AOW_WorkFlow
2019-07-13 11:25:11...processing table aow_processed
2019-07-13 11:25:12...creating table aow_processed
2019-07-13 11:25:12...creating Relationship Meta for AOW_Processed
2019-07-13 11:25:12...processing table aow_conditions
2019-07-13 11:25:12...creating table aow_conditions
2019-07-13 11:25:12...creating Relationship Meta for AOW_Condition
2019-07-13 11:25:12...processing table jjwg_maps
2019-07-13 11:25:12...creating table jjwg_maps
2019-07-13 11:25:12...creating Relationship Meta for jjwg_Maps
2019-07-13 11:25:12...processing table jjwg_markers
2019-07-13 11:25:12...creating table jjwg_markers
2019-07-13 11:25:12...creating Relationship Meta for jjwg_Markers
2019-07-13 11:25:12...processing table jjwg_areas
2019-07-13 11:25:12...creating table jjwg_areas
2019-07-13 11:25:12...creating Relationship Meta for jjwg_Areas
2019-07-13 11:25:12...processing table jjwg_address_cache
2019-07-13 11:25:12...creating table jjwg_address_cache
2019-07-13 11:25:12...creating Relationship Meta for jjwg_Address_Cache
2019-07-13 11:25:12...processing table calls_reschedule
2019-07-13 11:25:12...creating table calls_reschedule
2019-07-13 11:25:12...creating Relationship Meta for Calls_Reschedule
2019-07-13 11:25:12...processing table securitygroups
2019-07-13 11:25:12...creating table securitygroups
2019-07-13 11:25:12...creating Relationship Meta for SecurityGroup
2019-07-13 11:25:12...processing table outbound_email
2019-07-13 11:25:12...creating table outbound_email
2019-07-13 11:25:12...creating Relationship Meta for OutboundEmailAccounts
2019-07-13 11:25:12...processing table templatesectionline
2019-07-13 11:25:12...creating table templatesectionline
2019-07-13 11:25:12...creating Relationship Meta for TemplateSectionLine
2019-07-13 11:25:12...processing table oauth2tokens
2019-07-13 11:25:12...creating table oauth2tokens
2019-07-13 11:25:12...creating Relationship Meta for OAuth2Tokens
2019-07-13 11:25:12...processing table oauth2clients
2019-07-13 11:25:12...creating table oauth2clients
2019-07-13 11:25:12...creating Relationship Meta for OAuth2Clients
2019-07-13 11:25:12...processing table surveyresponses
2019-07-13 11:25:13...creating table surveyresponses
2019-07-13 11:25:13...creating Relationship Meta for SurveyResponses
2019-07-13 11:25:13...processing table surveys
2019-07-13 11:25:13...creating table surveys
2019-07-13 11:25:13...creating Relationship Meta for Surveys
2019-07-13 11:25:13...processing table surveyquestionresponses
2019-07-13 11:25:13...creating table surveyquestionresponses
2019-07-13 11:25:13...creating Relationship Meta for SurveyQuestionResponses
2019-07-13 11:25:13...processing table surveyquestions
2019-07-13 11:25:13...creating table surveyquestions
2019-07-13 11:25:13...creating Relationship Meta for SurveyQuestions
2019-07-13 11:25:13...processing table surveyquestionoptions
2019-07-13 11:25:13...creating table surveyquestionoptions
2019-07-13 11:25:13...creating Relationship Meta for SurveyQuestionOptions
2019-07-13 11:25:14...Begin creating Defaults
2019-07-13 11:25:14...insert defaults into config table
2019-07-13 11:25:14...Creating default users
2019-07-13 11:25:14...Creating default scheduler jobs
2019-07-13 11:25:15...Creating default encryption key...
2019-07-13 11:25:15...Enable SugarFeeds
2019-07-13 11:25:15...Installation has completed *********
2019-07-13 11:25:18...populating the db with seed data
2019-07-13 11:25:18...Save configuration settings..
2019-07-13 11:25:18...save locale
2019-07-13 11:25:18...new Administration
2019-07-13 11:25:18...retrieveSettings
2019-07-13 11:25:18...AdminWizard OFF
2019-07-13 11:25:18...saveConfig
2019-07-13 11:25:18...new Configurator
2019-07-13 11:25:18...populateFromPost
2019-07-13 11:25:18...handleOverride
2019-07-13 11:25:18...addCronAllowedUser
2019-07-13 11:25:18...saveConfig
2019-07-13 11:25:18...new Currency
2019-07-13 11:25:18...retrieve
2019-07-13 11:25:18...DBG: save currency
2019-07-13 11:25:18...Save user settings..
2019-07-13 11:25:18...DBG: SugarThemeRegistry::getDefault
2019-07-13 11:25:21...installerHook: Info: custom/install/install_hooks.php not present, no custom hooks to execute